app/build/intermediates/manifest_merge_blame_file/debug/manifest-merger-blame-debug-report.txt
1<?xml version="1.0" encoding="utf-8"?>
2<manifest xmlns:android="http://schemas.android.com/apk/res/android"
3    package="com.github.app"
4    android:versionCode="1"
5    android:versionName="1.0.6" >
6
7    <uses-sdk
8        android:minSdkVersion="21"
8-->src\main\AndroidManifest.xml
9        android:targetSdkVersion="29" />
9-->src\main\AndroidManifest.xml
10
11    <uses-permission android:name="android.permission.READ_EXTERNAL_STORAGE" />
11-->src\main\AndroidManifest.xml:6:5-80
11-->src\main\AndroidManifest.xml:6:22-77
12    <uses-permission android:name="android.permission.INTERNET" />
12-->src\main\AndroidManifest.xml:7:5-67
12-->src\main\AndroidManifest.xml:7:22-64
13    <uses-permission android:name="android.permission.READ_PHONE_STATE" />
13-->src\main\AndroidManifest.xml:8:5-75
13-->src\main\AndroidManifest.xml:8:22-72
14    <uses-permission android:name="android.permission.ACCESS_WIFI_STATE" />
14-->src\main\AndroidManifest.xml:9:5-76
14-->src\main\AndroidManifest.xml:9:22-73
15    <uses-permission android:name="android.permission.ACCESS_NETWORK_STATE" />
15-->src\main\AndroidManifest.xml:10:5-79
15-->src\main\AndroidManifest.xml:10:22-76
16    <uses-permission android:name="android.permission.CAMERA" />
16-->src\main\AndroidManifest.xml:11:5-65
16-->src\main\AndroidManifest.xml:11:22-62
17    <uses-permission android:name="android.permission.ACCESS_COARSE_LOCATION" />
17-->src\main\AndroidManifest.xml:12:5-81
17-->src\main\AndroidManifest.xml:12:22-78
18    <uses-permission android:name="android.permission.ACCESS_FINE_LOCATION" />
18-->src\main\AndroidManifest.xml:13:5-79
18-->src\main\AndroidManifest.xml:13:22-76
19    <uses-permission android:name="android.permission.DOWNLOAD_WITHOUT_NOTIFICATION" />
19-->src\main\AndroidManifest.xml:14:5-88
19-->src\main\AndroidManifest.xml:14:22-85
20
21    <uses-feature android:name="android.hardware.camera" />
21-->src\main\AndroidManifest.xml:16:5-60
21-->src\main\AndroidManifest.xml:16:19-57
22    <uses-feature android:name="android.hardware.camera.autofocus" />
22-->src\main\AndroidManifest.xml:17:5-70
22-->src\main\AndroidManifest.xml:17:19-67
23
24    <queries>
24-->[com.github.chuckerteam.chucker:library:3.4.0] AndroidManifest.xml:7:5-13:15
25        <intent>
25-->[com.github.chuckerteam.chucker:library:3.4.0] AndroidManifest.xml:8:9-12:18
26            <action android:name="android.intent.action.CREATE_DOCUMENT" />
26-->[com.github.chuckerteam.chucker:library:3.4.0] AndroidManifest.xml:9:13-76
26-->[com.github.chuckerteam.chucker:library:3.4.0] AndroidManifest.xml:9:21-73
27
28            <data android:mimeType="*/*" />
28-->[com.github.chuckerteam.chucker:library:3.4.0] AndroidManifest.xml:11:13-44
28-->[com.github.chuckerteam.chucker:library:3.4.0] AndroidManifest.xml:11:19-41
29        </intent>
30    </queries>
31
32    <uses-permission android:name="android.permission.WRITE_EXTERNAL_STORAGE" />
32-->[androidmads.library.qrgenearator:QRGenearator:1.0.3] AndroidManifest.xml:11:5-81
32-->[androidmads.library.qrgenearator:QRGenearator:1.0.3] AndroidManifest.xml:11:22-78
33
34    <application
34-->src\main\AndroidManifest.xml:19:5-68:19
35        android:name="com.github.app.MyApplication"
35-->src\main\AndroidManifest.xml:20:9-52
36        android:allowBackup="false"
36-->src\main\AndroidManifest.xml:21:9-36
37        android:appComponentFactory="androidx.core.app.CoreComponentFactory"
37-->[androidx.core:core:1.3.2] AndroidManifest.xml:24:18-86
38        android:debuggable="true"
39        android:fullBackupContent="false"
39-->src\main\AndroidManifest.xml:22:9-42
40        android:hardwareAccelerated="true"
40-->src\main\AndroidManifest.xml:23:9-43
41        android:icon="@mipmap/ic_launcher"
41-->src\main\AndroidManifest.xml:24:9-43
42        android:label="@string/app_name"
42-->src\main\AndroidManifest.xml:25:9-41
43        android:largeHeap="true"
43-->src\main\AndroidManifest.xml:26:9-33
44        android:networkSecurityConfig="@xml/network_security_config"
44-->src\main\AndroidManifest.xml:27:9-69
45        android:requestLegacyExternalStorage="true"
45-->src\main\AndroidManifest.xml:28:9-52
46        android:roundIcon="@mipmap/ic_launcher"
46-->src\main\AndroidManifest.xml:29:9-48
47        android:supportsRtl="true"
47-->src\main\AndroidManifest.xml:30:9-35
48        android:testOnly="true"
49        android:theme="@style/AppTheme"
49-->src\main\AndroidManifest.xml:31:9-40
50        android:usesCleartextTraffic="true" >
50-->src\main\AndroidManifest.xml:32:9-44
51        <meta-data
51-->src\main\AndroidManifest.xml:36:9-38:54
52            android:name="com.google.firebase.messaging.default_notification_icon"
52-->src\main\AndroidManifest.xml:37:13-83
53            android:resource="@mipmap/ic_launcher" />
53-->src\main\AndroidManifest.xml:38:13-51
54
55        <provider
55-->src\main\AndroidManifest.xml:40:9-50:20
56            android:name="androidx.core.content.FileProvider"
56-->src\main\AndroidManifest.xml:41:13-62
57            android:authorities="com.github.app.provider"
57-->src\main\AndroidManifest.xml:42:13-58
58            android:exported="false"
58-->src\main\AndroidManifest.xml:43:13-37
59            android:grantUriPermissions="true" >
59-->src\main\AndroidManifest.xml:44:13-47
60            <meta-data
60-->src\main\AndroidManifest.xml:46:13-48:53
61                android:name="android.support.FILE_PROVIDER_PATHS"
61-->src\main\AndroidManifest.xml:47:17-67
62                android:resource="@xml/file_path" />
62-->src\main\AndroidManifest.xml:48:17-50
63        </provider>
64
65        <activity
65-->src\main\AndroidManifest.xml:52:9-66:20
66            android:name="com.github.app.ui.main.MainActivity"
66-->src\main\AndroidManifest.xml:53:13-63
67            android:label="@string/app_name"
67-->src\main\AndroidManifest.xml:54:13-45
68            android:launchMode="standard"
68-->src\main\AndroidManifest.xml:55:13-42
69            android:screenOrientation="portrait"
69-->src\main\AndroidManifest.xml:56:13-49
70            android:theme="@style/AppTheme.NoActionBar"
70-->src\main\AndroidManifest.xml:57:13-56
71            android:windowSoftInputMode="adjustPan" >
71-->src\main\AndroidManifest.xml:58:13-52
72            <intent-filter>
72-->src\main\AndroidManifest.xml:60:13-64:29
73                <action android:name="android.intent.action.MAIN" />
73-->src\main\AndroidManifest.xml:61:17-69
73-->src\main\AndroidManifest.xml:61:25-66
74
75                <category android:name="android.intent.category.LAUNCHER" />
75-->src\main\AndroidManifest.xml:63:17-77
75-->src\main\AndroidManifest.xml:63:27-74
76            </intent-filter>
77        </activity>
78        <activity
78-->[com.github.chuckerteam.chucker:library:3.4.0] AndroidManifest.xml:16:9-21:52
79            android:name="com.chuckerteam.chucker.internal.ui.MainActivity"
79-->[com.github.chuckerteam.chucker:library:3.4.0] AndroidManifest.xml:17:13-76
80            android:label="@string/chucker_name"
80-->[com.github.chuckerteam.chucker:library:3.4.0] AndroidManifest.xml:18:13-49
81            android:launchMode="singleTask"
81-->[com.github.chuckerteam.chucker:library:3.4.0] AndroidManifest.xml:19:13-44
82            android:taskAffinity="com.chuckerteam.chucker.task"
82-->[com.github.chuckerteam.chucker:library:3.4.0] AndroidManifest.xml:20:13-64
83            android:theme="@style/Chucker.Theme" />
83-->[com.github.chuckerteam.chucker:library:3.4.0] AndroidManifest.xml:21:13-49
84        <activity
84-->[com.github.chuckerteam.chucker:library:3.4.0] AndroidManifest.xml:22:9-25:52
85            android:name="com.chuckerteam.chucker.internal.ui.transaction.TransactionActivity"
85-->[com.github.chuckerteam.chucker:library:3.4.0] AndroidManifest.xml:23:13-95
86            android:parentActivityName="com.chuckerteam.chucker.internal.ui.MainActivity"
86-->[com.github.chuckerteam.chucker:library:3.4.0] AndroidManifest.xml:24:13-90
87            android:theme="@style/Chucker.Theme" />
87-->[com.github.chuckerteam.chucker:library:3.4.0] AndroidManifest.xml:25:13-49
88        <activity
88-->[com.github.chuckerteam.chucker:library:3.4.0] AndroidManifest.xml:26:9-29:52
89            android:name="com.chuckerteam.chucker.internal.ui.throwable.ThrowableActivity"
89-->[com.github.chuckerteam.chucker:library:3.4.0] AndroidManifest.xml:27:13-91
90            android:parentActivityName="com.chuckerteam.chucker.internal.ui.MainActivity"
90-->[com.github.chuckerteam.chucker:library:3.4.0] AndroidManifest.xml:28:13-90
91            android:theme="@style/Chucker.Theme" />
91-->[com.github.chuckerteam.chucker:library:3.4.0] AndroidManifest.xml:29:13-49
92
93        <service
93-->[com.github.chuckerteam.chucker:library:3.4.0] AndroidManifest.xml:31:9-33:40
94            android:name="com.chuckerteam.chucker.internal.support.ClearDatabaseService"
94-->[com.github.chuckerteam.chucker:library:3.4.0] AndroidManifest.xml:32:13-89
95            android:exported="false" />
95-->[com.github.chuckerteam.chucker:library:3.4.0] AndroidManifest.xml:33:13-37
96
97        <provider
97-->[com.github.chuckerteam.chucker:library:3.4.0] AndroidManifest.xml:35:9-43:20
98            android:name="com.chuckerteam.chucker.internal.support.ChuckerFileProvider"
98-->[com.github.chuckerteam.chucker:library:3.4.0] AndroidManifest.xml:36:13-88
99            android:authorities="com.github.app.com.chuckerteam.chucker.provider"
99-->[com.github.chuckerteam.chucker:library:3.4.0] AndroidManifest.xml:37:13-84
100            android:exported="false"
100-->[com.github.chuckerteam.chucker:library:3.4.0] AndroidManifest.xml:38:13-37
101            android:grantUriPermissions="true" >
101-->[com.github.chuckerteam.chucker:library:3.4.0] AndroidManifest.xml:39:13-47
102            <meta-data
102-->src\main\AndroidManifest.xml:46:13-48:53
103                android:name="android.support.FILE_PROVIDER_PATHS"
103-->src\main\AndroidManifest.xml:47:17-67
104                android:resource="@xml/chucker_provider_paths" />
104-->src\main\AndroidManifest.xml:48:17-50
105        </provider>
106
107        <activity
107-->[com.karumi:dexter:5.0.0] AndroidManifest.xml:27:9-29:72
108            android:name="com.karumi.dexter.DexterActivity"
108-->[com.karumi:dexter:5.0.0] AndroidManifest.xml:28:13-60
109            android:theme="@style/Dexter.Internal.Theme.Transparent" />
109-->[com.karumi:dexter:5.0.0] AndroidManifest.xml:29:13-69
110        <activity
110-->[com.google.android.gms:play-services-base:17.3.0] AndroidManifest.xml:23:9-26:75
111            android:name="com.google.android.gms.common.api.GoogleApiActivity"
111-->[com.google.android.gms:play-services-base:17.3.0] AndroidManifest.xml:24:13-79
112            android:exported="false"
112-->[com.google.android.gms:play-services-base:17.3.0] AndroidManifest.xml:25:13-37
113            android:theme="@android:style/Theme.Translucent.NoTitleBar" />
113-->[com.google.android.gms:play-services-base:17.3.0] AndroidManifest.xml:26:13-72
114
115        <meta-data
115-->[com.google.android.gms:play-services-basement:17.3.0] AndroidManifest.xml:23:9-25:69
116            android:name="com.google.android.gms.version"
116-->[com.google.android.gms:play-services-basement:17.3.0] AndroidManifest.xml:24:13-58
117            android:value="@integer/google_play_services_version" />
117-->[com.google.android.gms:play-services-basement:17.3.0] AndroidManifest.xml:25:13-66
118
119        <provider
119-->[androidx.lifecycle:lifecycle-process:2.2.0] AndroidManifest.xml:25:9-29:43
120            android:name="androidx.lifecycle.ProcessLifecycleOwnerInitializer"
120-->[androidx.lifecycle:lifecycle-process:2.2.0] AndroidManifest.xml:26:13-79
121            android:authorities="com.github.app.lifecycle-process"
121-->[androidx.lifecycle:lifecycle-process:2.2.0] AndroidManifest.xml:27:13-69
122            android:exported="false"
122-->[androidx.lifecycle:lifecycle-process:2.2.0] AndroidManifest.xml:28:13-37
123            android:multiprocess="true" />
123-->[androidx.lifecycle:lifecycle-process:2.2.0] AndroidManifest.xml:29:13-40
124
125        <service
125-->[androidx.room:room-runtime:2.2.6] AndroidManifest.xml:25:9-28:40
126            android:name="androidx.room.MultiInstanceInvalidationService"
126-->[androidx.room:room-runtime:2.2.6] AndroidManifest.xml:26:13-74
127            android:directBootAware="true"
127-->[androidx.room:room-runtime:2.2.6] AndroidManifest.xml:27:13-43
128            android:exported="false" />
128-->[androidx.room:room-runtime:2.2.6] AndroidManifest.xml:28:13-37
129    </application>
130
131</manifest>